<?xml version="1.0" encoding="UTF-8"?>
<!-- Generated by org.testng.reporters.JUnitXMLReporter -->
<testsuite hostname="CBT-2F-301" ignored="2" name="ChromeTest" tests="0" failures="0" timestamp="2021-01-18T13:52:58 IST" time="85.887" errors="0">
  <testcase name="invalidLogin" time="0.0" classname="com_ActiTime_Tests.InvalidLoginTest">
    <ignored/>
  </testcase> <!-- invalidLogin -->
  <testcase name="verifyVersion" time="0.0" classname="com_ActiTime_Tests.VerifyVersionTest">
    <ignored/>
  </testcase> <!-- verifyVersion -->
</testsuite> <!-- ChromeTest -->
